<?xml version="1.0" encoding="utf-8"?><testsuites name="pytest tests"><testsuite name="pytest" errors="0" failures="1" skipped="0" tests="16" time="4.112" timestamp="2026-02-14T18:13:01.611157+00:00" hostname="agent-env-6be3c094-f109-4e02-a5c0-506b8c6a603f"><testcase classname="backend.tests.test_azpay_api.TestHealthAndSettings" name="test_api_root" time="0.183" /><testcase classname="backend.tests.test_azpay_api.TestHealthAndSettings" name="test_get_settings" time="0.119" /><testcase classname="backend.tests.test_azpay_api.TestHealthAndSettings" name="test_settings_immutable" time="0.328" /><testcase classname="backend.tests.test_azpay_api.TestCreditOffers" name="test_get_credit_offers" time="0.213" /><testcase classname="backend.tests.test_azpay_api.TestApplicationsCRUD" name="test_create_application" time="0.135" /><testcase classname="backend.tests.test_azpay_api.TestApplicationsCRUD" name="test_get_application" time="0.342" /><testcase classname="backend.tests.test_azpay_api.TestApplicationsCRUD" name="test_update_application_amount" time="0.429" /><testcase classname="backend.tests.test_azpay_api.TestApplicationsCRUD" name="test_update_application_card" time="0.457" /><testcase classname="backend.tests.test_azpay_api.TestApplicationsCRUD" name="test_update_application_contract_signed" time="0.254" /><testcase classname="backend.tests.test_azpay_api.TestApplicationsCRUD" name="test_full_application_flow" time="0.661" /><testcase classname="backend.tests.test_azpay_api.TestValidation" name="test_invalid_fin_code" time="0.144" /><testcase classname="backend.tests.test_azpay_api.TestValidation" name="test_invalid_phone" time="0.107" /><testcase classname="backend.tests.test_azpay_api.TestValidation" name="test_invalid_app_id_format" time="0.131" /><testcase classname="backend.tests.test_azpay_api.TestValidation" name="test_nonexistent_application" time="0.115" /><testcase classname="backend.tests.test_azpay_api.TestSecurity" name="test_blocked_paths" time="0.148"><failure message="AssertionError: Path /admin should be blocked&#10;assert 200 in [403, 404]&#10; +  where 200 = &lt;Response [200]&gt;.status_code">backend/tests/test_azpay_api.py:312: in test_blocked_paths
    assert response.status_code in [403, 404], f"Path {path} should be blocked"
E   AssertionError: Path /admin should be blocked
E   assert 200 in [403, 404]
E    +  where 200 = &lt;Response [200]&gt;.status_code</failure></testcase><testcase classname="backend.tests.test_azpay_api.TestSecurity" name="test_security_headers" time="0.126" /></testsuite></testsuites>